-- python run_search.py -p 1 -s 1

Solving Air Cargo Problem 1 using breadth_first_search...

Expansions   Goal Tests   New Nodes
    43          56         180    

Plan length: 6  Time elapsed in seconds: 0.029392972006462514
Load(C1, P1, SFO)
Load(C2, P2, JFK)
Fly(P2, JFK, SFO)
Unload(C2, P2, SFO)
Fly(P1, SFO, JFK)
Unload(C1, P1, JFK)

-- python run_search.py -p 1 -s 2

Solving Air Cargo Problem 1 using breadth_first_tree_search...

Expansions   Goal Tests   New Nodes
   1458        1459        5960   

Plan length: 6  Time elapsed in seconds: 0.910086860996671
Load(C1, P1, SFO)
Load(C2, P2, JFK)
Fly(P2, JFK, SFO)
Unload(C2, P2, SFO)
Fly(P1, SFO, JFK)
Unload(C1, P1, JFK)

-- python run_search.py -p 1 -s 3

Solving Air Cargo Problem 1 using depth_first_graph_search...

Expansions   Goal Tests   New Nodes
    21          22          84    

Plan length: 20  Time elapsed in seconds: 0.01332990700029768
Fly(P1, SFO, JFK)
Fly(P2, JFK, SFO)
Load(C2, P1, JFK)
Fly(P1, JFK, SFO)
Fly(P2, SFO, JFK)
Unload(C2, P1, SFO)
Fly(P1, SFO, JFK)
Fly(P2, JFK, SFO)
Load(C2, P2, SFO)
Fly(P1, JFK, SFO)
Load(C1, P2, SFO)
Fly(P2, SFO, JFK)
Fly(P1, SFO, JFK)
Unload(C2, P2, JFK)
Unload(C1, P2, JFK)
Fly(P2, JFK, SFO)
Load(C2, P1, JFK)
Fly(P1, JFK, SFO)
Fly(P2, SFO, JFK)
Unload(C2, P1, SFO)

-- python run_search.py -p 1 -s 4

Solving Air Cargo Problem 1 using depth_limited_search...

Expansions   Goal Tests   New Nodes
   101         271         414    

Plan length: 50  Time elapsed in seconds: 0.0973146399774123
Load(C1, P1, SFO)
Load(C2, P2, JFK)
Unload(C1, P1, SFO)
Load(C1, P1, SFO)
Unload(C1, P1, SFO)
Load(C1, P1, SFO)
Unload(C1, P1, SFO)
Load(C1, P1, SFO)
Unload(C1, P1, SFO)
Load(C1, P1, SFO)
Unload(C1, P1, SFO)
Load(C1, P1, SFO)
Unload(C1, P1, SFO)
Load(C1, P1, SFO)
Unload(C1, P1, SFO)
Load(C1, P1, SFO)
Unload(C1, P1, SFO)
Load(C1, P1, SFO)
Unload(C1, P1, SFO)
Load(C1, P1, SFO)
Unload(C1, P1, SFO)
Load(C1, P1, SFO)
Unload(C1, P1, SFO)
Load(C1, P1, SFO)
Unload(C1, P1, SFO)
Load(C1, P1, SFO)
Unload(C1, P1, SFO)
Load(C1, P1, SFO)
Unload(C1, P1, SFO)
Load(C1, P1, SFO)
Unload(C1, P1, SFO)
Load(C1, P1, SFO)
Unload(C1, P1, SFO)
Load(C1, P1, SFO)
Unload(C1, P1, SFO)
Load(C1, P1, SFO)
Unload(C1, P1, SFO)
Load(C1, P1, SFO)
Unload(C1, P1, SFO)
Load(C1, P1, SFO)
Unload(C1, P1, SFO)
Load(C1, P1, SFO)
Unload(C1, P1, SFO)
Load(C1, P1, SFO)
Unload(C1, P1, SFO)
Load(C1, P1, SFO)
Fly(P2, JFK, SFO)
Unload(C2, P2, SFO)
Fly(P1, SFO, JFK)
Unload(C1, P1, JFK)

-- python run_search.py -p 1 -s 5

Solving Air Cargo Problem 1 using uniform_cost_search...

Expansions   Goal Tests   New Nodes
    55          57         224    

Plan length: 6  Time elapsed in seconds: 0.040256563981529325
Load(C1, P1, SFO)
Load(C2, P2, JFK)
Fly(P1, SFO, JFK)
Fly(P2, JFK, SFO)
Unload(C1, P1, JFK)
Unload(C2, P2, SFO)

-- python run_search.py -p 1 -s 6

Solving Air Cargo Problem 1 using recursive_best_first_search with h_1...

Expansions   Goal Tests   New Nodes
   4229        4230       17023   

Plan length: 6  Time elapsed in seconds: 2.7363686690223403
Load(C2, P2, JFK)
Load(C1, P1, SFO)
Fly(P2, JFK, SFO)
Unload(C2, P2, SFO)
Fly(P1, SFO, JFK)
Unload(C1, P1, JFK)

-- python run_search.py -p 1 -s 7

Solving Air Cargo Problem 1 using greedy_best_first_graph_search with h_1...

Expansions   Goal Tests   New Nodes
    7           9           28    

Plan length: 6  Time elapsed in seconds: 0.004887217015493661
Load(C1, P1, SFO)
Load(C2, P2, JFK)
Fly(P1, SFO, JFK)
Fly(P2, JFK, SFO)
Unload(C1, P1, JFK)
Unload(C2, P2, SFO)

-- python run_search.py -p 1 -s 8

Solving Air Cargo Problem 1 using astar_search with h_1...

Expansions   Goal Tests   New Nodes
    55          57         224    

Plan length: 6  Time elapsed in seconds: 0.037505268992390484
Load(C1, P1, SFO)
Load(C2, P2, JFK)
Fly(P1, SFO, JFK)
Fly(P2, JFK, SFO)
Unload(C1, P1, JFK)
Unload(C2, P2, SFO)

-- python run_search.py -p 1 -s 9

Solving Air Cargo Problem 1 using astar_search with h_ignore_preconditions...

Expansions   Goal Tests   New Nodes
    45          47         188    

Plan length: 6  Time elapsed in seconds: 0.04793940999661572
Load(C1, P1, SFO)
Load(C2, P2, JFK)
Fly(P1, SFO, JFK)
Fly(P2, JFK, SFO)
Unload(C1, P1, JFK)
Unload(C2, P2, SFO)

-- python run_search.py -p 1 -s 10

Solving Air Cargo Problem 1 using astar_search with h_pg_levelsum...

Expansions   Goal Tests   New Nodes
    11          13          50    

Plan length: 6  Time elapsed in seconds: 1.664410956989741
Load(C1, P1, SFO)
Fly(P1, SFO, JFK)
Load(C2, P2, JFK)
Fly(P2, JFK, SFO)
Unload(C1, P1, JFK)
Unload(C2, P2, SFO)

